<?xml version="1.0" encoding="UTF-8"?>
<!-- Generated by org.testng.reporters.JUnitReportReporter -->
<testsuite hostname="PJI-00102" name="com.vicitritellacarmida.test.pattern.java8.ViciFactoryTest" tests="1" failures="0" timestamp="25 Jul 2018 23:15:17 GMT" time="0.077" errors="0">
  <testcase name="createHomeComputer" time="0.077" classname="com.vicitritellacarmida.test.pattern.java8.ViciFactoryTest"/>
</testsuite> <!-- com.vicitritellacarmida.test.pattern.java8.ViciFactoryTest -->
